<?xml version="1.0" encoding="UTF-8"?>
<testsuite name="com.cozydo.CozydoBackendApplicationTests" tests="1" skipped="0" failures="0" errors="0" timestamp="2021-01-25T14:32:31" hostname="DESKTOP-GUKEQ4B" time="0.108">
  <properties/>
  <testcase name="contextLoads()" classname="com.cozydo.CozydoBackendApplicationTests" time="0.108"/>
  <system-out><![CDATA[23:32:23.409 [Test worker] DEBUG org.springframework.test.context.BootstrapUtils - Instantiating CacheAwareContextLoaderDelegate from class [org.springframework.test.context.cache.DefaultCacheAwareContextLoaderDelegate]
23:32:23.430 [Test worker] DEBUG org.springframework.test.context.BootstrapUtils - Instantiating BootstrapContext using constructor [public org.springframework.test.context.support.DefaultBootstrapContext(java.lang.Class,org.springframework.test.context.CacheAwareContextLoaderDelegate)]
23:32:23.476 [Test worker] DEBUG org.springframework.test.context.BootstrapUtils - Instantiating TestContextBootstrapper for test class [com.cozydo.CozydoBackendApplicationTests] from class [org.springframework.boot.test.context.SpringBootTestContextBootstrapper]
23:32:23.492 [Test worker] INFO org.springframework.boot.test.context.SpringBootTestContextBootstrapper - Neither @ContextConfiguration nor @ContextHierarchy found for test class [com.cozydo.CozydoBackendApplicationTests], using SpringBootContextLoader
23:32:23.499 [Test worker] DEBUG org.springframework.test.context.support.AbstractContextLoader - Did not detect default resource location for test class [com.cozydo.CozydoBackendApplicationTests]: class path resource [com/cozydo/CozydoBackendApplicationTests-context.xml] does not exist
23:32:23.499 [Test worker] DEBUG org.springframework.test.context.support.AbstractContextLoader - Did not detect default resource location for test class [com.cozydo.CozydoBackendApplicationTests]: class path resource [com/cozydo/CozydoBackendApplicationTestsContext.groovy] does not exist
23:32:23.499 [Test worker] INFO org.springframework.test.context.support.AbstractContextLoader - Could not detect default resource locations for test class [com.cozydo.CozydoBackendApplicationTests]: no resource found for suffixes {-context.xml, Context.groovy}.
23:32:23.500 [Test worker] INFO org.springframework.test.context.support.AnnotationConfigContextLoaderUtils - Could not detect default configuration classes for test class [com.cozydo.CozydoBackendApplicationTests]: CozydoBackendApplicationTests does not declare any static, non-private, non-final, nested classes annotated with @Configuration.
23:32:23.571 [Test worker] DEBUG org.springframework.test.context.support.ActiveProfilesUtils - Could not find an 'annotation declaring class' for annotation type [org.springframework.test.context.ActiveProfiles] and class [com.cozydo.CozydoBackendApplicationTests]
23:32:23.658 [Test worker] DEBUG org.springframework.context.annotation.ClassPathScanningCandidateComponentProvider - Identified candidate component class: file [D:\SSAFY\boot_workspace\s04p12a201\cozydoBackend\build\classes\java\main\com\cozydo\CozydoBackendApplication.class]
23:32:23.661 [Test worker] INFO org.springframework.boot.test.context.SpringBootTestContextBootstrapper - Found @SpringBootConfiguration com.cozydo.CozydoBackendApplication for test class com.cozydo.CozydoBackendApplicationTests
23:32:23.806 [Test worker] DEBUG org.springframework.boot.test.context.SpringBootTestContextBootstrapper - @TestExecutionListeners is not present for class [com.cozydo.CozydoBackendApplicationTests]: using defaults.
23:32:23.807 [Test worker] INFO org.springframework.boot.test.context.SpringBootTestContextBootstrapper - Loaded default TestExecutionListener class names from location [META-INF/spring.factories]: [org.springframework.boot.test.autoconfigure.restdocs.RestDocsTestExecutionListener, org.springframework.boot.test.autoconfigure.web.client.MockRestServiceServerResetTestExecutionListener, org.springframework.boot.test.autoconfigure.web.servlet.MockMvcPrintOnlyOnFailureTestExecutionListener, org.springframework.boot.test.autoconfigure.web.servlet.WebDriverTestExecutionListener, org.springframework.boot.test.autoconfigure.webservices.client.MockWebServiceServerTestExecutionListener, org.springframework.boot.test.mock.mockito.MockitoTestExecutionListener, org.springframework.boot.test.mock.mockito.ResetMocksTestExecutionListener, org.springframework.test.context.web.ServletTestExecutionListener, org.springframework.test.context.support.DirtiesContextBeforeModesTestExecutionListener, org.springframework.test.context.event.ApplicationEventsTestExecutionListener, org.springframework.test.context.support.DependencyInjectionTestExecutionListener, org.springframework.test.context.support.DirtiesContextTestExecutionListener, org.springframework.test.context.transaction.TransactionalTestExecutionListener, org.springframework.test.context.jdbc.SqlScriptsTestExecutionListener, org.springframework.test.context.event.EventPublishingTestExecutionListener]
23:32:23.836 [Test worker] INFO org.springframework.boot.test.context.SpringBootTestContextBootstrapper - Using TestExecutionListeners: [org.springframework.test.context.web.ServletTestExecutionListener@7df97826, org.springframework.test.context.support.DirtiesContextBeforeModesTestExecutionListener@7f255111, org.springframework.test.context.event.ApplicationEventsTestExecutionListener@67c864b7, org.springframework.boot.test.mock.mockito.MockitoTestExecutionListener@75de63c3, org.springframework.boot.test.autoconfigure.SpringBootDependencyInjectionTestExecutionListener@43500d16, org.springframework.test.context.support.DirtiesContextTestExecutionListener@16a871b4, org.springframework.test.context.transaction.TransactionalTestExecutionListener@32e1420a, org.springframework.test.context.jdbc.SqlScriptsTestExecutionListener@3427efee, org.springframework.test.context.event.EventPublishingTestExecutionListener@77dc7cc1, org.springframework.boot.test.autoconfigure.restdocs.RestDocsTestExecutionListener@22ac865f, org.springframework.boot.test.autoconfigure.web.client.MockRestServiceServerResetTestExecutionListener@1ae56112, org.springframework.boot.test.autoconfigure.web.servlet.MockMvcPrintOnlyOnFailureTestExecutionListener@1136b53f, org.springframework.boot.test.autoconfigure.web.servlet.WebDriverTestExecutionListener@598f9ac, org.springframework.boot.test.autoconfigure.webservices.client.MockWebServiceServerTestExecutionListener@4340093e, org.springframework.boot.test.mock.mockito.ResetMocksTestExecutionListener@721c0db5]
23:32:23.842 [Test worker] DEBUG org.springframework.test.context.support.AbstractDirtiesContextTestExecutionListener - Before test class: context [DefaultTestContext@6ce1a7aa testClass = CozydoBackendApplicationTests, testInstance = [null], testMethod = [null], testException = [null], mergedContextConfiguration = [WebMergedContextConfiguration@58b44d0d testClass = CozydoBackendApplicationTests, locations = '{}', classes = '{class com.cozydo.CozydoBackendApplication}', contextInitializerClasses = '[]', activeProfiles = '{}', propertySourceLocations = '{}', propertySourceProperties = '{org.springframework.boot.test.context.SpringBootTestContextBootstrapper=true}', contextCustomizers = set[org.springframework.boot.test.autoconfigure.actuate.metrics.MetricsExportContextCustomizerFactory$DisableMetricExportContextCustomizer@62ff0ac5, org.springframework.boot.test.autoconfigure.properties.PropertyMappingContextCustomizer@0, org.springframework.boot.test.autoconfigure.web.servlet.WebDriverContextCustomizerFactory$Customizer@213ea9e3, org.springframework.boot.test.context.filter.ExcludeFilterContextCustomizer@587b511c, org.springframework.boot.test.json.DuplicateJsonObjectContextCustomizerFactory$DuplicateJsonObjectContextCustomizer@dba60e3, org.springframework.boot.test.mock.mockito.MockitoContextCustomizer@0, org.springframework.boot.test.web.client.TestRestTemplateContextCustomizer@20acbc6a, org.springframework.boot.test.context.SpringBootTestArgs@1, org.springframework.boot.test.context.SpringBootTestWebEnvironment@4d572aa0], resourceBasePath = 'src/main/webapp', contextLoader = 'org.springframework.boot.test.context.SpringBootContextLoader', parent = [null]], attributes = map['org.springframework.test.context.web.ServletTestExecutionListener.activateListener' -> true]], class annotated with @DirtiesContext [false] with mode [null].
23:32:23.879 [Test worker] DEBUG org.springframework.test.context.support.TestPropertySourceUtils - Adding inlined properties to environment: {spring.jmx.enabled=false, org.springframework.boot.test.context.SpringBootTestContextBootstrapper=true}

  .   ____          _            __ _ _
 /\\ / ___'_ __ _ _(_)_ __  __ _ \ \ \ \
( ( )\___ | '_ | '_| | '_ \/ _` | \ \ \ \
 \\/  ___)| |_)| | | | | || (_| |  ) ) ) )
  '  |____| .__|_| |_|_| |_\__, | / / / /
 =========|_|==============|___/=/_/_/_/
 :: Spring Boot ::                (v2.4.2)

2021-01-25 23:32:24.198  INFO 11180 --- [    Test worker] c.cozydo.CozydoBackendApplicationTests   : Starting CozydoBackendApplicationTests using Java 1.8.0_192 on DESKTOP-GUKEQ4B with PID 11180 (started by Dawoon in D:\SSAFY\boot_workspace\s04p12a201\cozydoBackend)
2021-01-25 23:32:24.226  INFO 11180 --- [    Test worker] c.cozydo.CozydoBackendApplicationTests   : No active profile set, falling back to default profiles: default
2021-01-25 23:32:25.395  INFO 11180 --- [    Test worker] .s.d.r.c.RepositoryConfigurationDelegate : Bootstrapping Spring Data JPA repositories in DEFAULT mode.
2021-01-25 23:32:25.481  INFO 11180 --- [    Test worker] .s.d.r.c.RepositoryConfigurationDelegate : Finished Spring Data repository scanning in 74 ms. Found 2 JPA repository interfaces.
2021-01-25 23:32:25.639  WARN 11180 --- [    Test worker] o.m.s.mapper.ClassPathMapperScanner      : No MyBatis mapper was found in '[com.cozydo]' package. Please check your configuration.
2021-01-25 23:32:26.260  INFO 11180 --- [    Test worker] com.zaxxer.hikari.HikariDataSource       : HikariPool-1 - Starting...
2021-01-25 23:32:26.532  INFO 11180 --- [    Test worker] com.zaxxer.hikari.HikariDataSource       : HikariPool-1 - Start completed.
2021-01-25 23:32:26.616  INFO 11180 --- [    Test worker] o.hibernate.jpa.internal.util.LogHelper  : HHH000204: Processing PersistenceUnitInfo [name: default]
2021-01-25 23:32:26.714  INFO 11180 --- [    Test worker] org.hibernate.Version                    : HHH000412: Hibernate ORM core version 5.4.27.Final
2021-01-25 23:32:26.956  INFO 11180 --- [    Test worker] o.hibernate.annotations.common.Version   : HCANN000001: Hibernate Commons Annotations {5.1.2.Final}
2021-01-25 23:32:27.155  INFO 11180 --- [    Test worker] org.hibernate.dialect.Dialect            : HHH000400: Using dialect: org.hibernate.dialect.MySQL55Dialect
2021-01-25 23:32:27.986  INFO 11180 --- [    Test worker] o.h.e.t.j.p.i.JtaPlatformInitiator       : HHH000490: Using JtaPlatform implementation: [org.hibernate.engine.transaction.jta.platform.internal.NoJtaPlatform]
2021-01-25 23:32:27.999  INFO 11180 --- [    Test worker] j.LocalContainerEntityManagerFactoryBean : Initialized JPA EntityManagerFactory for persistence unit 'default'
2021-01-25 23:32:28.919  WARN 11180 --- [    Test worker] JpaBaseConfiguration$JpaWebConfiguration : spring.jpa.open-in-view is enabled by default. Therefore, database queries may be performed during view rendering. Explicitly configure spring.jpa.open-in-view to disable this warning
2021-01-25 23:32:29.480  INFO 11180 --- [    Test worker] pertySourcedRequestMappingHandlerMapping : Mapped URL path [/v2/api-docs] onto method [springfox.documentation.swagger2.web.Swagger2Controller#getDocumentation(String, HttpServletRequest)]
2021-01-25 23:32:30.006  INFO 11180 --- [    Test worker] o.s.s.concurrent.ThreadPoolTaskExecutor  : Initializing ExecutorService 'applicationTaskExecutor'
2021-01-25 23:32:30.693  INFO 11180 --- [    Test worker] d.s.w.p.DocumentationPluginsBootstrapper : Context refreshed
2021-01-25 23:32:30.721  INFO 11180 --- [    Test worker] d.s.w.p.DocumentationPluginsBootstrapper : Found 1 custom documentation plugin(s)
2021-01-25 23:32:30.773  INFO 11180 --- [    Test worker] s.d.s.w.s.ApiListingReferenceScanner     : Scanning for api listing references
2021-01-25 23:32:31.025  INFO 11180 --- [    Test worker] c.cozydo.CozydoBackendApplicationTests   : Started CozydoBackendApplicationTests in 7.137 seconds (JVM running for 9.215)
]]></system-out>
  <system-err><![CDATA[]]></system-err>
</testsuite>
